Route /ping Logger | seconds: 15.001

info: <-- GET /ping | 2024-09-25T08:22:02.758Z
info: --> GET /ping [33m404[0m 0ms | 2024-09-25T08:22:02.758Z
------------------
Route /ping Logger | seconds: 15

info: <-- GET /ping | 2024-09-25T08:24:04.761Z
info: --> GET /ping [33m404[0m 0ms | 2024-09-25T08:24:04.762Z
------------------
Route /ping Logger | seconds: 15.002

info: <-- GET /ping | 2024-09-25T08:25:57.631Z
info: --> GET /ping [33m404[0m 1ms | 2024-09-25T08:25:57.632Z
------------------
Route /ping Logger | seconds: 15.001

info: <-- GET /ping | 2024-09-25T08:56:02.101Z
info: --> GET /ping [33m404[0m 1ms | 2024-09-25T08:56:02.102Z
------------------
Route /ping Logger | seconds: 15.001

info: <-- GET /ping | 2024-09-25T09:05:49.037Z
info: --> GET /ping [32m200[0m 0ms | 2024-09-25T09:05:49.039Z
------------------
Route /ping Logger | seconds: 15.001

info: <-- GET /ping | 2024-09-26T05:47:06.055Z
info: --> GET /ping [32m200[0m 1ms | 2024-09-26T05:47:06.058Z
------------------
