Main Router Logger | seconds: 15.003

info: Initializing Routers | 2024-09-26T07:36:22.478Z
info: Init ping Router | 2024-09-26T07:36:22.479Z
info: Init workspace Router | 2024-09-26T07:36:22.479Z
info: Init user Router | 2024-09-26T07:36:22.479Z
info: Init chat Router | 2024-09-26T07:36:22.479Z
info: Init message Router | 2024-09-26T07:36:22.479Z
info: Init assistant Router | 2024-09-26T07:36:22.479Z
------------------
Main Router Logger | seconds: 15.004

info: Initializing Routers | 2024-09-26T08:45:10.832Z
info: Running Routers | 2024-09-26T08:45:10.833Z
info: Run ping Router | 2024-09-26T08:45:10.835Z
info: Run workspace Router | 2024-09-26T08:45:10.835Z
info: Run user Router | 2024-09-26T08:45:10.836Z
info: Run chat Router | 2024-09-26T08:45:10.836Z
info: Run message Router | 2024-09-26T08:45:10.836Z
info: Run assistant Router | 2024-09-26T08:45:10.836Z
------------------
Main Router Logger | seconds: 15.002

info: Initializing Routers | 2024-09-26T08:45:22.450Z
info: Running Routers | 2024-09-26T08:45:22.451Z
info: Run ping Router | 2024-09-26T08:45:22.453Z
info: Run workspace Router | 2024-09-26T08:45:22.453Z
info: Run user Router | 2024-09-26T08:45:22.453Z
info: Run chat Router | 2024-09-26T08:45:22.454Z
info: Run message Router | 2024-09-26T08:45:22.454Z
info: Run assistant Router | 2024-09-26T08:45:22.454Z
------------------
Main Router Logger | seconds: 15.002

info: Initializing Routers | 2024-09-26T08:47:39.172Z
info: Running Routers | 2024-09-26T08:47:39.172Z
info: Run ping Router | 2024-09-26T08:47:39.173Z
info: Run workspace Router | 2024-09-26T08:47:39.173Z
info: Run user Router | 2024-09-26T08:47:39.174Z
info: Run chat Router | 2024-09-26T08:47:39.174Z
info: Run message Router | 2024-09-26T08:47:39.174Z
info: Run assistant Router | 2024-09-26T08:47:39.174Z
------------------
Main Router Logger | seconds: 15

info: Initializing Routers | 2024-09-26T08:53:29.520Z
info: Running Routers | 2024-09-26T08:53:29.520Z
info: Run ping Router | 2024-09-26T08:53:29.522Z
info: Run workspace Router | 2024-09-26T08:53:29.522Z
info: Run user Router | 2024-09-26T08:53:29.523Z
info: Run chat Router | 2024-09-26T08:53:29.523Z
info: Run message Router | 2024-09-26T08:53:29.523Z
info: Run assistant Router | 2024-09-26T08:53:29.524Z
------------------
Main Router Logger | seconds: 15.003

info: Initializing Routers | 2024-09-26T08:53:38.481Z
info: Running Routers | 2024-09-26T08:53:38.481Z
info: Run ping Router | 2024-09-26T08:53:38.482Z
info: Run workspace Router | 2024-09-26T08:53:38.482Z
info: Run user Router | 2024-09-26T08:53:38.482Z
info: Run chat Router | 2024-09-26T08:53:38.483Z
info: Run message Router | 2024-09-26T08:53:38.483Z
info: Run assistant Router | 2024-09-26T08:53:38.483Z
------------------
Main Router Logger | seconds: 15.003

info: Initializing Routers | 2024-09-26T08:54:47.795Z
info: Running Routers | 2024-09-26T08:54:47.796Z
info: Run ping Router | 2024-09-26T08:54:47.797Z
info: Run workspace Router | 2024-09-26T08:54:47.797Z
info: Run user Router | 2024-09-26T08:54:47.797Z
info: Run chat Router | 2024-09-26T08:54:47.798Z
info: Run message Router | 2024-09-26T08:54:47.798Z
info: Run assistant Router | 2024-09-26T08:54:47.798Z
------------------
