Master Logger | seconds: 0.001

info: <-- GET /asd | 2024-09-18T05:50:57.053Z
------------------
Master Logger | seconds: 15.003

info: <-- GET /hola | 2024-09-24T02:45:38.785Z
------------------
Master Logger | seconds: 14.999

info: --> GET /hola [32m200[0m 3ms | 2024-09-24T02:45:38.790Z
------------------
Master Logger | seconds: 15

info: <-- GET /favicon.ico | 2024-09-24T02:45:38.986Z
------------------
Master Logger | seconds: 15

info: --> GET /favicon.ico [33m404[0m 2ms | 2024-09-24T02:45:38.988Z
------------------
Master Logger | seconds: 15.002

info: <-- POST /ping | 2024-09-24T07:05:48.795Z
------------------
Master Logger | seconds: 15.037

info: --> POST /ping [33m404[0m 2ms | 2024-09-24T07:05:48.798Z
------------------
Master Logger | seconds: 15.002

info: <-- POST /ping | 2024-09-24T07:06:28.136Z
------------------
Master Logger | seconds: 15.004

info: --> POST /ping [33m404[0m 1ms | 2024-09-24T07:06:28.138Z
------------------
Master Logger | seconds: 15.001

info: <-- GET /ping | 2024-09-24T07:06:53.466Z
------------------
Master Logger | seconds: 15.001

info: --> GET /ping [32m200[0m 3ms | 2024-09-24T07:06:53.469Z
------------------
Master Logger | seconds: 15.002

info: <-- GET /ping | 2024-09-24T07:25:45.235Z
------------------
Master Logger | seconds: 15.004

info: --> GET /ping [32m200[0m 1ms | 2024-09-24T07:25:45.237Z
------------------
Master Logger | seconds: 15.003

info: <-- GET /ping | 2024-09-24T07:26:11.769Z
------------------
Master Logger | seconds: 15.002

info: --> GET /ping [32m200[0m 2ms | 2024-09-24T07:26:11.771Z
------------------
Master Logger | seconds: 15.006

info: <-- GET /ping | 2024-09-24T07:27:02.960Z
------------------
Master Logger | seconds: 15.006

info: --> GET /ping [32m200[0m 0ms | 2024-09-24T07:27:02.960Z
------------------
Master Logger | seconds: 15.002

info: <-- GET /ping | 2024-09-25T08:12:32.963Z
------------------
Master Logger | seconds: 15.001

info: --> GET /ping [31m500[0m 2ms | 2024-09-25T08:12:32.966Z
------------------
Master Logger | seconds: 15.002

info: <-- GET /ping | 2024-09-25T08:21:12.141Z
------------------
Master Logger | seconds: 15.002

info: --> GET /ping [31m500[0m 1ms | 2024-09-25T08:21:12.142Z
------------------
Master Logger | seconds: 15.001

info: <-- GET /ping | 2024-09-25T08:22:02.757Z
------------------
Master Logger | seconds: 15.001

info: --> GET /ping [33m404[0m 1ms | 2024-09-25T08:22:02.758Z
------------------
Master Logger | seconds: 15.003

info: <-- GET /pinga | 2024-09-25T08:23:54.362Z
------------------
Master Logger | seconds: 15.003

info: --> GET /pinga [33m404[0m 1ms | 2024-09-25T08:23:54.364Z
------------------
Master Logger | seconds: 15

info: <-- GET /ping | 2024-09-25T08:24:04.760Z
------------------
Master Logger | seconds: 15

info: --> GET /ping [33m404[0m 2ms | 2024-09-25T08:24:04.762Z
------------------
Master Logger | seconds: 15.002

info: <-- GET /pinghttp://localhost:3000/pinga | 2024-09-25T08:24:28.743Z
------------------
Master Logger | seconds: 15.001

info: --> GET /pinghttp://localhost:3000/pinga [33m404[0m 0ms | 2024-09-25T08:24:28.744Z
------------------
Master Logger | seconds: 15.002

info: <-- GET /ping | 2024-09-25T08:25:57.630Z
------------------
Master Logger | seconds: 15.002

info: --> GET /ping [33m404[0m 1ms | 2024-09-25T08:25:57.632Z
------------------
Master Logger | seconds: 15.002

info: <-- GET /ping | 2024-09-25T08:56:02.101Z
------------------
Master Logger | seconds: 15.001

info: --> GET /ping [33m404[0m 1ms | 2024-09-25T08:56:02.102Z
------------------
Master Logger | seconds: 15.006

info: <-- GET /ping | 2024-09-25T08:56:14.244Z
------------------
Master Logger | seconds: 15.004

info: --> GET /ping [33m404[0m 0ms | 2024-09-25T08:56:14.246Z
------------------
