Route workspace Logger | seconds: 15.004

warn: Route workspace has no callback | 2024-09-26T08:45:10.835Z
success: Route workspace Configured | 2024-09-26T08:45:10.835Z
success: Route Built | 2024-09-26T08:45:10.835Z
success: workspace Route Published | 2024-09-26T08:45:10.835Z
------------------
Route workspace Logger | seconds: 15.003

warn: Route workspace has no callback | 2024-09-26T08:45:22.453Z
success: Route workspace Configured | 2024-09-26T08:45:22.453Z
success: workspace Route Build | 2024-09-26T08:45:22.453Z
success: workspace Route Published | 2024-09-26T08:45:22.453Z
------------------
Route workspace Logger | seconds: 15.001

warn: Route workspace has no callback | 2024-09-26T08:47:39.173Z
success: Route workspace Configured | 2024-09-26T08:47:39.173Z
success: workspace Route Build | 2024-09-26T08:47:39.173Z
success: workspace Route Published | 2024-09-26T08:47:39.173Z
------------------
Route workspace Logger | seconds: 15.002

warn: Route workspace has no callback | 2024-09-26T08:53:29.522Z
success: Route workspace Configured | 2024-09-26T08:53:29.522Z
success: workspace Route Build | 2024-09-26T08:53:29.522Z
success: workspace Route Published | 2024-09-26T08:53:29.522Z
------------------
Route workspace Logger | seconds: 15.002

warn: Route workspace has no callback | 2024-09-26T08:53:38.482Z
success: Route workspace Configured | 2024-09-26T08:53:38.482Z
success: workspace Route Build | 2024-09-26T08:53:38.482Z
success: workspace Route Published | 2024-09-26T08:53:38.482Z
------------------
Route workspace Logger | seconds: 15.003

warn: Route workspace has no callback | 2024-09-26T08:54:47.797Z
success: Route workspace Configured | 2024-09-26T08:54:47.797Z
success: workspace Route Build | 2024-09-26T08:54:47.797Z
success: workspace Route Published | 2024-09-26T08:54:47.797Z
------------------
