Route user Logger | seconds: 15.004

warn: Route user has no callback | 2024-09-26T08:45:10.835Z
success: Route user Configured | 2024-09-26T08:45:10.835Z
success: Route Built | 2024-09-26T08:45:10.836Z
success: user Route Published | 2024-09-26T08:45:10.836Z
------------------
Route user Logger | seconds: 15.003

warn: Route user has no callback | 2024-09-26T08:45:22.453Z
success: Route user Configured | 2024-09-26T08:45:22.453Z
success: user Route Build | 2024-09-26T08:45:22.453Z
success: user Route Published | 2024-09-26T08:45:22.453Z
------------------
Route user Logger | seconds: 14.999

warn: Route user has no callback | 2024-09-26T08:47:39.173Z
success: Route user Configured | 2024-09-26T08:47:39.173Z
success: user Route Build | 2024-09-26T08:47:39.174Z
success: user Route Published | 2024-09-26T08:47:39.174Z
info: <-- GET /user | 2024-09-26T08:47:51.334Z
info: --> GET /user [32m200[0m 0ms | 2024-09-26T08:47:51.335Z
------------------
Route user Logger | seconds: 15.001

warn: Route user has no callback | 2024-09-26T08:53:29.522Z
success: Route user Configured | 2024-09-26T08:53:29.523Z
success: user Route Build | 2024-09-26T08:53:29.523Z
success: user Route Published | 2024-09-26T08:53:29.523Z
------------------
Route user Logger | seconds: 15.004

warn: Route user has no callback | 2024-09-26T08:53:38.482Z
success: Route user Configured | 2024-09-26T08:53:38.482Z
success: user Route Build | 2024-09-26T08:53:38.482Z
success: user Route Published | 2024-09-26T08:53:38.482Z
------------------
Route user Logger | seconds: 15.003

warn: Route user has no callback | 2024-09-26T08:54:47.797Z
success: Route user Configured | 2024-09-26T08:54:47.797Z
success: user Route Build | 2024-09-26T08:54:47.797Z
success: user Route Published | 2024-09-26T08:54:47.797Z
------------------
