Route message Logger | seconds: 15.004

warn: Route message has no callback | 2024-09-26T08:45:10.836Z
success: Route message Configured | 2024-09-26T08:45:10.836Z
success: Route Built | 2024-09-26T08:45:10.836Z
success: message Route Published | 2024-09-26T08:45:10.836Z
------------------
Route message Logger | seconds: 15.002

warn: Route message has no callback | 2024-09-26T08:45:22.454Z
success: Route message Configured | 2024-09-26T08:45:22.454Z
success: message Route Build | 2024-09-26T08:45:22.454Z
success: message Route Published | 2024-09-26T08:45:22.454Z
------------------
Route message Logger | seconds: 15.002

warn: Route message has no callback | 2024-09-26T08:47:39.174Z
success: Route message Configured | 2024-09-26T08:47:39.174Z
success: message Route Build | 2024-09-26T08:47:39.174Z
success: message Route Published | 2024-09-26T08:47:39.174Z
------------------
Route message Logger | seconds: 15.001

warn: Route message has no callback | 2024-09-26T08:53:29.523Z
success: Route message Configured | 2024-09-26T08:53:29.523Z
success: message Route Build | 2024-09-26T08:53:29.523Z
success: message Route Published | 2024-09-26T08:53:29.523Z
------------------
Route message Logger | seconds: 15.003

warn: Route message has no callback | 2024-09-26T08:53:38.483Z
success: Route message Configured | 2024-09-26T08:53:38.483Z
success: message Route Build | 2024-09-26T08:53:38.483Z
success: message Route Published | 2024-09-26T08:53:38.483Z
------------------
Route message Logger | seconds: 15.003

warn: Route message has no callback | 2024-09-26T08:54:47.798Z
success: Route message Configured | 2024-09-26T08:54:47.798Z
success: message Route Build | 2024-09-26T08:54:47.798Z
success: message Route Published | 2024-09-26T08:54:47.798Z
------------------
Route message Logger | seconds: 15.004

warn: Route message has no callback | 2024-09-27T07:44:24.236Z
success: Route message Configured | 2024-09-27T07:44:24.236Z
success: message Route Build | 2024-09-27T07:44:24.236Z
success: message Route Published | 2024-09-27T07:44:24.236Z
------------------
