Route assistant Logger | seconds: 15.004

warn: Route assistant has no callback | 2024-09-26T08:45:10.836Z
success: Route assistant Configured | 2024-09-26T08:45:10.836Z
success: Route Built | 2024-09-26T08:45:10.836Z
success: assistant Route Published | 2024-09-26T08:45:10.836Z
------------------
Route assistant Logger | seconds: 15.002

warn: Route assistant has no callback | 2024-09-26T08:45:22.454Z
success: Route assistant Configured | 2024-09-26T08:45:22.454Z
success: assistant Route Build | 2024-09-26T08:45:22.454Z
success: assistant Route Published | 2024-09-26T08:45:22.454Z
------------------
Route assistant Logger | seconds: 15.002

warn: Route assistant has no callback | 2024-09-26T08:47:39.174Z
success: Route assistant Configured | 2024-09-26T08:47:39.174Z
success: assistant Route Build | 2024-09-26T08:47:39.174Z
success: assistant Route Published | 2024-09-26T08:47:39.174Z
------------------
Route assistant Logger | seconds: 15.001

warn: Route assistant has no callback | 2024-09-26T08:47:39.174Z
success: Route assistant Configured | 2024-09-26T08:47:39.174Z
success: assistant Route Build | 2024-09-26T08:47:39.174Z
success: assistant Route Published | 2024-09-26T08:47:39.174Z
info: <-- GET /assistant | 2024-09-26T08:48:01.038Z
info: --> GET /assistant [32m200[0m 0ms | 2024-09-26T08:48:01.038Z
------------------
Route assistant Logger | seconds: 15

warn: Route assistant has no callback | 2024-09-26T08:53:29.523Z
success: Route assistant Configured | 2024-09-26T08:53:29.523Z
success: assistant Route Build | 2024-09-26T08:53:29.523Z
success: assistant Route Published | 2024-09-26T08:53:29.524Z
------------------
Route assistant Logger | seconds: 15.003

warn: Route assistant has no callback | 2024-09-26T08:53:38.483Z
success: Route assistant Configured | 2024-09-26T08:53:38.483Z
success: assistant Route Build | 2024-09-26T08:53:38.483Z
success: assistant Route Published | 2024-09-26T08:53:38.483Z
------------------
Route assistant Logger | seconds: 15.001

warn: Route assistant has no callback | 2024-09-26T08:54:47.798Z
success: Route assistant Configured | 2024-09-26T08:54:47.798Z
success: assistant Route Build | 2024-09-26T08:54:47.798Z
success: assistant Route Published | 2024-09-26T08:54:47.798Z
info: <-- GET /assistant | 2024-09-26T08:55:02.098Z
info: --> GET /assistant [32m200[0m 0ms | 2024-09-26T08:55:02.098Z
------------------
