Route ping Logger | seconds: 15.003

warn: Route ping has no callback | 2024-09-26T08:45:10.833Z
success: Route ping Configured | 2024-09-26T08:45:10.833Z
success: Route Built | 2024-09-26T08:45:10.834Z
success: ping Route Published | 2024-09-26T08:45:10.835Z
------------------
Route ping Logger | seconds: 15.002

warn: Route ping has no callback | 2024-09-26T08:45:22.451Z
success: Route ping Configured | 2024-09-26T08:45:22.451Z
success: ping Route Build | 2024-09-26T08:45:22.452Z
success: ping Route Published | 2024-09-26T08:45:22.453Z
------------------
Route ping Logger | seconds: 15.002

warn: Route ping has no callback | 2024-09-26T08:47:39.172Z
success: Route ping Configured | 2024-09-26T08:47:39.172Z
success: ping Route Build | 2024-09-26T08:47:39.173Z
success: ping Route Published | 2024-09-26T08:47:39.173Z
info: <-- GET /ping | 2024-09-26T08:47:45.653Z
info: --> GET /ping [32m200[0m 0ms | 2024-09-26T08:47:45.653Z
------------------
Route ping Logger | seconds: 15.002

warn: Route ping has no callback | 2024-09-26T08:47:39.172Z
success: Route ping Configured | 2024-09-26T08:47:39.172Z
success: ping Route Build | 2024-09-26T08:47:39.173Z
success: ping Route Published | 2024-09-26T08:47:39.173Z
info: <-- GET /ping | 2024-09-26T08:47:45.653Z
info: --> GET /ping [32m200[0m 0ms | 2024-09-26T08:47:45.653Z
info: <-- GET /ping | 2024-09-26T08:51:56.446Z
info: --> GET /ping [32m200[0m 0ms | 2024-09-26T08:51:56.447Z
------------------
Route ping Logger | seconds: 15.002

warn: Route ping has no callback | 2024-09-26T08:53:29.521Z
success: Route ping Configured | 2024-09-26T08:53:29.521Z
success: ping Route Build | 2024-09-26T08:53:29.522Z
success: ping Route Published | 2024-09-26T08:53:29.522Z
------------------
Route ping Logger | seconds: 14.999

warn: Route ping has no callback | 2024-09-26T08:53:38.481Z
success: Route ping Configured | 2024-09-26T08:53:38.481Z
success: ping Route Build | 2024-09-26T08:53:38.482Z
success: ping Route Published | 2024-09-26T08:53:38.482Z
info: <-- GET /ping | 2024-09-26T08:53:47.550Z
info: --> GET /ping [32m200[0m 1ms | 2024-09-26T08:53:47.551Z
------------------
Route ping Logger | seconds: 15.003

success: Route ping Configured | 2024-09-26T08:54:47.796Z
success: ping Route Build | 2024-09-26T08:54:47.797Z
success: ping Route Published | 2024-09-26T08:54:47.797Z
info: <-- GET /ping | 2024-09-26T08:54:51.394Z
info: --> GET /ping [32m200[0m 0ms | 2024-09-26T08:54:51.394Z
------------------
Route ping Logger | seconds: 15.002

success: Route ping Configured | 2024-09-27T07:44:24.231Z
success: ping Route Build | 2024-09-27T07:44:24.234Z
success: ping Route Published | 2024-09-27T07:44:24.235Z
------------------
